Arguments: 
  /usr/local/bin/node /usr/local/Cellar/yarn/1.3.2/libexec/bin/yarn.js update

PATH: 
  /usr/local/bin:/usr/bin:/bin:/usr/sbin:/sbin

Yarn version: 
  1.3.2

Node version: 
  9.0.0

Platform: 
  darwin x64

npm manifest: 
  {
    "name": "todo",
    "version": "1.0.0",
    "description": "",
    "main": "index.js",
    "scripts": {
      "test": "echo \"Error: no test specified\" && exit 1"
    },
    "repository": {
      "type": "git",
      "url": "git+https://github.com/marinaenadeghe/todo.git"
    },
    "author": "",
    "license": "ISC",
    "bugs": {
      "url": "https://github.com/marinaenadeghe/todo/issues"
    },
    "homepage": "https://github.com/marinaenadeghe/todo#readme",
    "dependencies": {
      //"todooo": "git+https://github.com/webprofessionals/todooo.git"
      // wegen version  abgeschrieben
      "@node_modules/todooo": "Webprossionals/todooo#1.0.2"
    }
  }

yarn manifest: 
  No manifest

Lockfile: 
  # THIS IS AN AUTOGENERATED FILE. DO NOT EDIT THIS FILE DIRECTLY.
  # yarn lockfile v1
  
  
  "todooo@git+https://github.com/webprofessionals/todooo.git":
    version "1.0.2"
    resolved "git+https://github.com/webprofessionals/todooo.git#1779ec2540d5e451e9b2ace58b2891120a49263f"

Trace: 
  SyntaxError: /Applications/MAMP/htdocs/todo/package.json: Unexpected token / in JSON at position 464
      at JSON.parse (<anonymous>)
      at /usr/local/Cellar/yarn/1.3.2/libexec/lib/cli.js:770:59
      at Generator.next (<anonymous>)
      at step (/usr/local/Cellar/yarn/1.3.2/libexec/lib/cli.js:92:30)
      at /usr/local/Cellar/yarn/1.3.2/libexec/lib/cli.js:103:13
      at <anonymous>
